knfCRITICAL - 2026-05-19 05:23:00 --> ParseError: syntax error, unexpected token "===", expecting end of file
[Method: CLI, Route: serve]
in APPPATH\Config\Routes.php on line 32.
 1 SYSTEMPATH\CLI\Console.php(41): CodeIgniter\Router\RouteCollection->loadRoutes()
 2 SYSTEMPATH\Boot.php(442): CodeIgniter\CLI\Console->run()
 3 SYSTEMPATH\Boot.php(166): CodeIgniter\Boot::runCommand(Object(CodeIgniter\CLI\Console))
 4 ROOTPATH\spark(87): CodeIgniter\Boot::bootSpark(Object(Config\Paths))
CRITICAL - 2026-05-19 06:14:29 --> ParseError: syntax error, unexpected token "===", expecting end of file
[Method: CLI, Route: serve]
in APPPATH\Config\Routes.php on line 32.
 1 SYSTEMPATH\CLI\Console.php(41): CodeIgniter\Router\RouteCollection->loadRoutes()
 2 SYSTEMPATH\Boot.php(442): CodeIgniter\CLI\Console->run()
 3 SYSTEMPATH\Boot.php(166): CodeIgniter\Boot::runCommand(Object(CodeIgniter\CLI\Console))
 4 ROOTPATH\spark(87): CodeIgniter\Boot::bootSpark(Object(Config\Paths))
ERROR - 2026-05-19 06:21:39 --> Error connecting to the database: mysqli_sql_exception: Access denied for user ''@'localhost' (using password: NO) in C:\XAMPP V 8.2\htdocs\Proyek_SiapDonor\system\Database\MySQLi\Connection.php:201
Stack trace:
#0 C:\XAMPP V 8.2\htdocs\Proyek_SiapDonor\system\Database\MySQLi\Connection.php(201): mysqli->real_connect('localhost', '', Object(SensitiveParameterValue), '', 3306, '', 0)
#1 C:\XAMPP V 8.2\htdocs\Proyek_SiapDonor\system\Database\BaseConnection.php(555): CodeIgniter\Database\MySQLi\Connection->connect(false)
#2 C:\XAMPP V 8.2\htdocs\Proyek_SiapDonor\system\Database\BaseConnection.php(795): CodeIgniter\Database\BaseConnection->initialize()
#3 C:\XAMPP V 8.2\htdocs\Proyek_SiapDonor\system\Database\BaseConnection.php(1706): CodeIgniter\Database\BaseConnection->query('SHOW TABLES FRO...')
#4 C:\XAMPP V 8.2\htdocs\Proyek_SiapDonor\system\Database\BaseConnection.php(1726): CodeIgniter\Database\BaseConnection->listTables()
#5 C:\XAMPP V 8.2\htdocs\Proyek_SiapDonor\system\Database\MigrationRunner.php(821): CodeIgniter\Database\BaseConnection->tableExists('migrations')
#6 C:\XAMPP V 8.2\htdocs\Proyek_SiapDonor\system\Database\MigrationRunner.php(173): CodeIgniter\Database\MigrationRunner->ensureTable()
#7 C:\XAMPP V 8.2\htdocs\Proyek_SiapDonor\system\Commands\Database\Migrate.php(89): CodeIgniter\Database\MigrationRunner->latest(NULL)
#8 C:\XAMPP V 8.2\htdocs\Proyek_SiapDonor\system\CLI\SignalTrait.php(245): CodeIgniter\Commands\Database\Migrate::CodeIgniter\Commands\Database\{closure}()
#9 C:\XAMPP V 8.2\htdocs\Proyek_SiapDonor\system\Commands\Database\Migrate.php(88): CodeIgniter\Commands\Database\Migrate->withSignalsBlocked(Object(Closure))
#10 C:\XAMPP V 8.2\htdocs\Proyek_SiapDonor\system\CLI\Commands.php(74): CodeIgniter\Commands\Database\Migrate->run(Array)
#11 C:\XAMPP V 8.2\htdocs\Proyek_SiapDonor\system\CLI\Console.php(47): CodeIgniter\CLI\Commands->run('migrate', Array)
#12 C:\XAMPP V 8.2\htdocs\Proyek_SiapDonor\system\Boot.php(442): CodeIgniter\CLI\Console->run()
#13 C:\XAMPP V 8.2\htdocs\Proyek_SiapDonor\system\Boot.php(166): CodeIgniter\Boot::runCommand(Object(CodeIgniter\CLI\Console))
#14 C:\XAMPP V 8.2\htdocs\Proyek_SiapDonor\spark(87): CodeIgniter\Boot::bootSpark(Object(Config\Paths))
#15 {main}

Next CodeIgniter\Database\Exceptions\DatabaseException: Access denied for user ''@'localhost' (using password: NO) in C:\XAMPP V 8.2\htdocs\Proyek_SiapDonor\system\Database\MySQLi\Connection.php:231
Stack trace:
#0 C:\XAMPP V 8.2\htdocs\Proyek_SiapDonor\system\Database\BaseConnection.php(555): CodeIgniter\Database\MySQLi\Connection->connect(false)
#1 C:\XAMPP V 8.2\htdocs\Proyek_SiapDonor\system\Database\BaseConnection.php(795): CodeIgniter\Database\BaseConnection->initialize()
#2 C:\XAMPP V 8.2\htdocs\Proyek_SiapDonor\system\Database\BaseConnection.php(1706): CodeIgniter\Database\BaseConnection->query('SHOW TABLES FRO...')
#3 C:\XAMPP V 8.2\htdocs\Proyek_SiapDonor\system\Database\BaseConnection.php(1726): CodeIgniter\Database\BaseConnection->listTables()
#4 C:\XAMPP V 8.2\htdocs\Proyek_SiapDonor\system\Database\MigrationRunner.php(821): CodeIgniter\Database\BaseConnection->tableExists('migrations')
#5 C:\XAMPP V 8.2\htdocs\Proyek_SiapDonor\system\Database\MigrationRunner.php(173): CodeIgniter\Database\MigrationRunner->ensureTable()
#6 C:\XAMPP V 8.2\htdocs\Proyek_SiapDonor\system\Commands\Database\Migrate.php(89): CodeIgniter\Database\MigrationRunner->latest(NULL)
#7 C:\XAMPP V 8.2\htdocs\Proyek_SiapDonor\system\CLI\SignalTrait.php(245): CodeIgniter\Commands\Database\Migrate::CodeIgniter\Commands\Database\{closure}()
#8 C:\XAMPP V 8.2\htdocs\Proyek_SiapDonor\system\Commands\Database\Migrate.php(88): CodeIgniter\Commands\Database\Migrate->withSignalsBlocked(Object(Closure))
#9 C:\XAMPP V 8.2\htdocs\Proyek_SiapDonor\system\CLI\Commands.php(74): CodeIgniter\Commands\Database\Migrate->run(Array)
#10 C:\XAMPP V 8.2\htdocs\Proyek_SiapDonor\system\CLI\Console.php(47): CodeIgniter\CLI\Commands->run('migrate', Array)
#11 C:\XAMPP V 8.2\htdocs\Proyek_SiapDonor\system\Boot.php(442): CodeIgniter\CLI\Console->run()
#12 C:\XAMPP V 8.2\htdocs\Proyek_SiapDonor\system\Boot.php(166): CodeIgniter\Boot::runCommand(Object(CodeIgniter\CLI\Console))
#13 C:\XAMPP V 8.2\htdocs\Proyek_SiapDonor\spark(87): CodeIgniter\Boot::bootSpark(Object(Config\Paths))
#14 {main}
