CRITICAL - 2026-05-12 07:04:07 --> CodeIgniter\Router\Exceptions\RouterException: The namespace delimiter is a backslash (\), not a slash (/). Route handler: "\App\Controllers\home : darah_suci/$1"
[Method: GET, Route: darah/hj]
in SYSTEMPATH\Router\Router.php on line 523.
 1 SYSTEMPATH\Router\Router.php(523): CodeIgniter\Router\Exceptions\RouterException::forInvalidControllerName('\\App\\Controllers\\home : darah_suci/$1')
 2 SYSTEMPATH\Router\Router.php(225): CodeIgniter\Router\Router->checkRoutes('darah/hj')
 3 SYSTEMPATH\CodeIgniter.php(829): CodeIgniter\Router\Router->handle('darah/hj')
 4 SYSTEMPATH\CodeIgniter.php(441): CodeIgniter\CodeIgniter->tryToRouteIt(Object(CodeIgniter\Router\RouteCollection))
 5 SYSTEMPATH\CodeIgniter.php(340): CodeIgniter\CodeIgniter->handleRequest(null, Object(Config\Cache), false)
 6 SYSTEMPATH\Boot.php(417): CodeIgniter\CodeIgniter->run()
 7 SYSTEMPATH\Boot.php(68): CodeIgniter\Boot::runCodeIgniter(Object(CodeIgniter\CodeIgniter))
 8 FCPATH\index.php(59): CodeIgniter\Boot::bootWeb(Object(Config\Paths))
 9 SYSTEMPATH\rewrite.php(44): require_once('C:\\xampp\\htdocs\\siapdonor\\public\\index.php')
CRITICAL - 2026-05-12 07:05:01 --> CodeIgniter\Router\Exceptions\RouterException: The namespace delimiter is a backslash (\), not a slash (/). Route handler: "\App\Controllers\home : darah_suci/$1"
[Method: GET, Route: darah/hj]
in SYSTEMPATH\Router\Router.php on line 523.
 1 SYSTEMPATH\Router\Router.php(523): CodeIgniter\Router\Exceptions\RouterException::forInvalidControllerName('\\App\\Controllers\\home : darah_suci/$1')
 2 SYSTEMPATH\Router\Router.php(225): CodeIgniter\Router\Router->checkRoutes('darah/hj')
 3 SYSTEMPATH\CodeIgniter.php(829): CodeIgniter\Router\Router->handle('darah/hj')
 4 SYSTEMPATH\CodeIgniter.php(441): CodeIgniter\CodeIgniter->tryToRouteIt(Object(CodeIgniter\Router\RouteCollection))
 5 SYSTEMPATH\CodeIgniter.php(340): CodeIgniter\CodeIgniter->handleRequest(null, Object(Config\Cache), false)
 6 SYSTEMPATH\Boot.php(417): CodeIgniter\CodeIgniter->run()
 7 SYSTEMPATH\Boot.php(68): CodeIgniter\Boot::runCodeIgniter(Object(CodeIgniter\CodeIgniter))
 8 FCPATH\index.php(59): CodeIgniter\Boot::bootWeb(Object(Config\Paths))
 9 SYSTEMPATH\rewrite.php(44): require_once('C:\\xampp\\htdocs\\siapdonor\\public\\index.php')
CRITICAL - 2026-05-12 07:06:01 --> ParseError: Unmatched '}'
[Method: GET, Route: darah/hj]
in APPPATH\Controllers\Home.php on line 19.
 1 SYSTEMPATH\Autoloader\Autoloader.php(295): CodeIgniter\Autoloader\Autoloader->includeFile('C:\\xampp\\htdocs\\siapdonor\\app\\Controllers\\Home.php')
 2 SYSTEMPATH\Autoloader\Autoloader.php(271): CodeIgniter\Autoloader\Autoloader->loadInNamespace('App\\Controllers\\Home')
 3 [internal function]: CodeIgniter\Autoloader\Autoloader->loadClass('App\\Controllers\\Home')
 4 SYSTEMPATH\Router\Router.php(792): class_exists('\\App\\Controllers\\Home')
 5 SYSTEMPATH\Router\Router.php(230): CodeIgniter\Router\Router->processRouteAttributes()
 6 SYSTEMPATH\CodeIgniter.php(829): CodeIgniter\Router\Router->handle('darah/hj')
 7 SYSTEMPATH\CodeIgniter.php(441): CodeIgniter\CodeIgniter->tryToRouteIt(Object(CodeIgniter\Router\RouteCollection))
 8 SYSTEMPATH\CodeIgniter.php(340): CodeIgniter\CodeIgniter->handleRequest(null, Object(Config\Cache), false)
 9 SYSTEMPATH\Boot.php(417): CodeIgniter\CodeIgniter->run()
10 SYSTEMPATH\Boot.php(68): CodeIgniter\Boot::runCodeIgniter(Object(CodeIgniter\CodeIgniter))
11 FCPATH\index.php(59): CodeIgniter\Boot::bootWeb(Object(Config\Paths))
12 SYSTEMPATH\rewrite.php(44): require_once('C:\\xampp\\htdocs\\siapdonor\\public\\index.php')
CRITICAL - 2026-05-12 07:06:30 --> ArgumentCountError: Too few arguments to function App\Controllers\Home::darah_suci(), 1 passed in C:\xampp\htdocs\siapdonor\system\CodeIgniter.php on line 951 and exactly 2 expected
[Method: GET, Route: darah/hj]
in APPPATH\Controllers\Home.php on line 15.
 1 SYSTEMPATH\CodeIgniter.php(951): App\Controllers\Home->darah_suci('hj')
 2 SYSTEMPATH\CodeIgniter.php(497): CodeIgniter\CodeIgniter->runController(Object(App\Controllers\Home))
 3 SYSTEMPATH\CodeIgniter.php(340): CodeIgniter\CodeIgniter->handleRequest(null, Object(Config\Cache), false)
 4 SYSTEMPATH\Boot.php(417): CodeIgniter\CodeIgniter->run()
 5 SYSTEMPATH\Boot.php(68): CodeIgniter\Boot::runCodeIgniter(Object(CodeIgniter\CodeIgniter))
 6 FCPATH\index.php(59): CodeIgniter\Boot::bootWeb(Object(Config\Paths))
 7 SYSTEMPATH\rewrite.php(44): require_once('C:\\xampp\\htdocs\\siapdonor\\public\\index.php')
CRITICAL - 2026-05-12 08:14:26 --> Error: Call to undefined method CodeIgniter\View\View::extends()
[Method: GET, Route: about_us]
in APPPATH\Views\about_us.php on line 1.
 1 SYSTEMPATH\View\View.php(240): include()
 2 SYSTEMPATH\View\View.php(243): CodeIgniter\View\View->CodeIgniter\View\{closure}()
 3 SYSTEMPATH\Common.php(1250): CodeIgniter\View\View->render('about_us', [], true)
 4 APPPATH\Controllers\Home.php(13): view('about_us')
 5 SYSTEMPATH\CodeIgniter.php(951): App\Controllers\Home->about_us()
 6 SYSTEMPATH\CodeIgniter.php(497): CodeIgniter\CodeIgniter->runController(Object(App\Controllers\Home))
 7 SYSTEMPATH\CodeIgniter.php(340): CodeIgniter\CodeIgniter->handleRequest(null, Object(Config\Cache), false)
 8 SYSTEMPATH\Boot.php(417): CodeIgniter\CodeIgniter->run()
 9 SYSTEMPATH\Boot.php(68): CodeIgniter\Boot::runCodeIgniter(Object(CodeIgniter\CodeIgniter))
10 FCPATH\index.php(59): CodeIgniter\Boot::bootWeb(Object(Config\Paths))
11 SYSTEMPATH\rewrite.php(44): require_once('C:\\xxampp\\htdocs\\proyek_siap_donor\\public\\index.php')
CRITICAL - 2026-05-12 08:15:07 --> Error: Call to undefined method CodeIgniter\View\View::extends()
[Method: GET, Route: about_us]
in APPPATH\Views\about_us.php on line 1.
 1 SYSTEMPATH\View\View.php(240): include()
 2 SYSTEMPATH\View\View.php(243): CodeIgniter\View\View->CodeIgniter\View\{closure}()
 3 SYSTEMPATH\Common.php(1250): CodeIgniter\View\View->render('about_us', [], true)
 4 APPPATH\Controllers\Home.php(13): view('about_us')
 5 SYSTEMPATH\CodeIgniter.php(951): App\Controllers\Home->about_us()
 6 SYSTEMPATH\CodeIgniter.php(497): CodeIgniter\CodeIgniter->runController(Object(App\Controllers\Home))
 7 SYSTEMPATH\CodeIgniter.php(340): CodeIgniter\CodeIgniter->handleRequest(null, Object(Config\Cache), false)
 8 SYSTEMPATH\Boot.php(417): CodeIgniter\CodeIgniter->run()
 9 SYSTEMPATH\Boot.php(68): CodeIgniter\Boot::runCodeIgniter(Object(CodeIgniter\CodeIgniter))
10 FCPATH\index.php(59): CodeIgniter\Boot::bootWeb(Object(Config\Paths))
11 SYSTEMPATH\rewrite.php(44): require_once('C:\\xxampp\\htdocs\\proyek_siap_donor\\public\\index.php')
